<<<<<<< HEAD
2019-01-22 19:03:14,822 DEBUG [main] RequestAddCookies:123 - CookieSpec selected: default
2019-01-22 19:03:14,822 DEBUG [main] RequestAuthCache:77 - Auth cache not set in the context
2019-01-22 19:03:14,822 DEBUG [main] PoolingHttpClientConnectionManager:265 - Connection request: [route: {}->http://ec2-54-85-251-235.compute-1.amazonaws.com:8080][total kept alive: 0; route allocated: 0 of 2; total allocated: 0 of 20]
2019-01-22 19:03:14,838 DEBUG [main] PoolingHttpClientConnectionManager:309 - Connection leased: [id: 0][route: {}->http://ec2-54-85-251-235.compute-1.amazonaws.com:8080][total kept alive: 0; route allocated: 1 of 2; total allocated: 1 of 20]
2019-01-22 19:03:14,838 DEBUG [main] MainClientExec:235 - Opening connection {}->http://ec2-54-85-251-235.compute-1.amazonaws.com:8080
2019-01-22 19:03:14,838 DEBUG [main] DefaultHttpClientConnectionOperator:139 - Connecting to ec2-54-85-251-235.compute-1.amazonaws.com/54.85.251.235:8080
2019-01-22 19:03:15,086 DEBUG [main] DefaultHttpClientConnectionOperator:146 - Connection established 10.131.60.42:53921<->54.85.251.235:8080
2019-01-22 19:03:15,087 DEBUG [main] MainClientExec:256 - Executing request GET /swagger-ui.html HTTP/1.1
2019-01-22 19:03:15,087 DEBUG [main] MainClientExec:261 - Target auth state: UNCHALLENGED
2019-01-22 19:03:15,087 DEBUG [main] MainClientExec:267 - Proxy auth state: UNCHALLENGED
2019-01-22 19:03:15,088 DEBUG [main] headers:133 - http-outgoing-0 >> GET /swagger-ui.html HTTP/1.1
2019-01-22 19:03:15,089 DEBUG [main] headers:136 - http-outgoing-0 >> Host: ec2-54-85-251-235.compute-1.amazonaws.com:8080
2019-01-22 19:03:15,089 DEBUG [main] headers:136 - http-outgoing-0 >> Connection: Keep-Alive
2019-01-22 19:03:15,089 DEBUG [main] headers:136 - http-outgoing-0 >> User-Agent: Apache-HttpClient/4.5.6 (Java/1.8.0_191)
2019-01-22 19:03:15,089 DEBUG [main] headers:136 - http-outgoing-0 >> Accept-Encoding: gzip,deflate
2019-01-22 19:03:15,089 DEBUG [main] wire:73 - http-outgoing-0 >> "GET /swagger-ui.html HTTP/1.1[\r][\n]"
2019-01-22 19:03:15,090 DEBUG [main] wire:73 - http-outgoing-0 >> "Host: ec2-54-85-251-235.compute-1.amazonaws.com:8080[\r][\n]"
2019-01-22 19:03:15,090 DEBUG [main] wire:73 - http-outgoing-0 >> "Connection: Keep-Alive[\r][\n]"
2019-01-22 19:03:15,090 DEBUG [main] wire:73 - http-outgoing-0 >> "User-Agent: Apache-HttpClient/4.5.6 (Java/1.8.0_191)[\r][\n]"
2019-01-22 19:03:15,090 DEBUG [main] wire:73 - http-outgoing-0 >> "Accept-Encoding: gzip,deflate[\r][\n]"
2019-01-22 19:03:15,090 DEBUG [main] wire:73 - http-outgoing-0 >> "[\r][\n]"
2019-01-22 19:03:15,307 DEBUG [main] wire:73 - http-outgoing-0 << "HTTP/1.1 200 [\r][\n]"
2019-01-22 19:03:15,307 DEBUG [main] wire:73 - http-outgoing-0 << "Last-Modified: Fri, 18 Jan 2019 14:43:00 GMT[\r][\n]"
2019-01-22 19:03:15,307 DEBUG [main] wire:73 - http-outgoing-0 << "Accept-Ranges: bytes[\r][\n]"
2019-01-22 19:03:15,307 DEBUG [main] wire:73 - http-outgoing-0 << "X-Content-Type-Options: nosniff[\r][\n]"
2019-01-22 19:03:15,307 DEBUG [main] wire:73 - http-outgoing-0 << "X-XSS-Protection: 1; mode=block[\r][\n]"
2019-01-22 19:03:15,307 DEBUG [main] wire:73 - http-outgoing-0 << "Cache-Control: no-cache, no-store, max-age=0, must-revalidate[\r][\n]"
2019-01-22 19:03:15,307 DEBUG [main] wire:73 - http-outgoing-0 << "Pragma: no-cache[\r][\n]"
2019-01-22 19:03:15,307 DEBUG [main] wire:73 - http-outgoing-0 << "Expires: 0[\r][\n]"
2019-01-22 19:03:15,307 DEBUG [main] wire:73 - http-outgoing-0 << "X-Frame-Options: DENY[\r][\n]"
2019-01-22 19:03:15,307 DEBUG [main] wire:73 - http-outgoing-0 << "Content-Type: text/html[\r][\n]"
2019-01-22 19:03:15,307 DEBUG [main] wire:73 - http-outgoing-0 << "Content-Length: 3318[\r][\n]"
2019-01-22 19:03:15,307 DEBUG [main] wire:73 - http-outgoing-0 << "Date: Tue, 22 Jan 2019 13:33:15 GMT[\r][\n]"
2019-01-22 19:03:15,307 DEBUG [main] wire:73 - http-outgoing-0 << "[\r][\n]"
2019-01-22 19:03:15,307 DEBUG [main] wire:73 - http-outgoing-0 << "<!-- HTML for static distribution bundle build -->[\n]"
2019-01-22 19:03:15,307 DEBUG [main] wire:73 - http-outgoing-0 << "<!DOCTYPE html>[\n]"
2019-01-22 19:03:15,307 DEBUG [main] wire:73 - http-outgoing-0 << "<html lang="en">[\n]"
2019-01-22 19:03:15,307 DEBUG [main] wire:73 - http-outgoing-0 << "<head>[\n]"
2019-01-22 19:03:15,307 DEBUG [main] wire:73 - http-outgoing-0 << "  <meta charset="UTF-8">[\n]"
2019-01-22 19:03:15,307 DEBUG [main] wire:73 - http-outgoing-0 << "  <title>Swagger UI</title>[\n]"
2019-01-22 19:03:15,307 DEBUG [main] wire:73 - http-outgoing-0 << "  <link rel="stylesheet" type="text/css" href="webjars/springfox-swagger-ui/springfox.css?v=2.9.2" >[\n]"
2019-01-22 19:03:15,307 DEBUG [main] wire:73 - http-outgoing-0 << "  <link rel="stylesheet" type="text/css" href="webjars/springfox-swagger-ui/swagger-ui.css?v=2.9.2" >[\n]"
2019-01-22 19:03:15,323 DEBUG [main] wire:73 - http-outgoing-0 << "  <link rel="icon" type="image/png" href="webjars/springfox-swagger-ui/favicon-32x32.png?v=2.9.2" sizes="32x32" />[\n]"
2019-01-22 19:03:15,323 DEBUG [main] wire:73 - http-outgoing-0 << "  <link rel="icon" type="image/png" href="webjars/springfox-swagger-ui/favicon-16x16.png?v=2.9.2" sizes="16x16" />[\n]"
2019-01-22 19:03:15,323 DEBUG [main] wire:73 - http-outgoing-0 << "  <style>[\n]"
2019-01-22 19:03:15,323 DEBUG [main] wire:73 - http-outgoing-0 << "    html[\n]"
2019-01-22 19:03:15,323 DEBUG [main] wire:73 - http-outgoing-0 << "    {[\n]"
2019-01-22 19:03:15,323 DEBUG [main] wire:73 - http-outgoing-0 << "      box-sizing: border-box;[\n]"
2019-01-22 19:03:15,323 DEBUG [main] wire:73 - http-outgoing-0 << "      overflow: -moz-scrollbars-vertical;[\n]"
2019-01-22 19:03:15,323 DEBUG [main] wire:73 - http-outgoing-0 << "      overflow-y: scroll;[\n]"
2019-01-22 19:03:15,323 DEBUG [main] wire:73 - http-outgoing-0 << "    }[\n]"
2019-01-22 19:03:15,323 DEBUG [main] wire:73 - http-outgoing-0 << "    *,[\n]"
2019-01-22 19:03:15,323 DEBUG [main] wire:73 - http-outgoing-0 << "    *:before,[\n]"
2019-01-22 19:03:15,323 DEBUG [main] wire:73 - http-outgoing-0 << "    *:after[\n]"
2019-01-22 19:03:15,323 DEBUG [main] wire:73 - http-outgoing-0 << "    {[\n]"
2019-01-22 19:03:15,323 DEBUG [main] wire:73 - http-outgoing-0 << "      box-sizing: inherit;[\n]"
2019-01-22 19:03:15,323 DEBUG [main] wire:73 - http-outgoing-0 << "    }[\n]"
2019-01-22 19:03:15,323 DEBUG [main] wire:73 - http-outgoing-0 << "[\n]"
2019-01-22 19:03:15,323 DEBUG [main] wire:73 - http-outgoing-0 << "    body {[\n]"
2019-01-22 19:03:15,323 DEBUG [main] wire:73 - http-outgoing-0 << "      margin:0;[\n]"
2019-01-22 19:03:15,323 DEBUG [main] wire:73 - http-outgoing-0 << "      background: #fafafa;[\n]"
2019-01-22 19:03:15,323 DEBUG [main] wire:73 - http-outgoing-0 << "    }[\n]"
2019-01-22 19:03:15,323 DEBUG [main] wire:73 - http-outgoing-0 << "  </style>[\n]"
2019-01-22 19:03:15,323 DEBUG [main] wire:73 - http-outgoing-0 << "</head>[\n]"
2019-01-22 19:03:15,323 DEBUG [main] wire:73 - http-outgoing-0 << "[\n]"
2019-01-22 19:03:15,323 DEBUG [main] wire:73 - http-outgoing-0 << "<body>[\n]"
2019-01-22 19:03:15,323 DEBUG [main] wire:73 - http-outgoing-0 << "[\n]"
2019-01-22 19:03:15,323 DEBUG [main] wire:73 - http-outgoing-0 << "<svg xmlns="http://www.w3.org/2000/svg" xmlns:xlink="http://www.w3.org/1999/xlink" style="position:absolute;width:0;height:0">[\n]"
2019-01-22 19:03:15,323 DEBUG [main] wire:73 - http-outgoing-0 << "  <defs>[\n]"
2019-01-22 19:03:15,323 DEBUG [main] wire:73 - http-outgoing-0 << "    <symbol viewBox="0 0 20 20" id="unlocked">[\n]"
2019-01-22 19:03:15,323 DEBUG [main] wire:73 - http-outgoing-0 << "      <path d="M15.8 8H14V5.6C14 2.703 12.665 1 10 1 7.334 1 6 2.703 6 5.6V6h2v-.801C8 3.754 8.797 3 10 3c1.203 0 2 .754 2 2.199V8H4c-.553 0-1 .646-1 1.199V17c0 .549.428 1.139.951 1.307l1.197.387C5.672 18.861 6.55 19 7.1 19h5.8c.549 0 1.428-.139 1.951-.307l1.196-.387c.524-.167.953-.757.953-1.306V9.199C17 8.646 16.352 8 15.8 8z"></path>[\n]"
2019-01-22 19:03:15,323 DEBUG [main] wire:73 - http-outgoing-0 << "    </symbol>[\n]"
2019-01-22 19:03:15,323 DEBUG [main] wire:73 - http-outgoing-0 << "[\n]"
2019-01-22 19:03:15,323 DEBUG [main] wire:73 - http-outgoing-0 << "    <symbol viewBox="0 0 20 20" id="locked">[\n]"
2019-01-22 19:03:15,323 DEBUG [main] wire:73 - http-outgoing-0 << "      <path d="M15.8 8H14V5.6C14 2.703 12.665 1 10 1 7.334 1 6 2.703 6 5.6V8H4c-.553 0-1 .646-1 1.199V17c0 .549.428 1.139.951 1.307l1.197.387C5.672 18.861 6.55 19 7.1 19h5.8c.549 0 1.428-.139 1.951-.307l1.196-.387c.524-.167.953-.757.953-1.306V9.199C17 8.646 16.352 8 15.8 8zM12 8H8V5.199C8 3.754 8.797 3 10 3c1.203 0 2 .754 2 2.199V8z"/>[\n]"
2019-01-22 19:03:15,323 DEBUG [main] wire:73 - http-outgoing-0 << "    </symbol>[\n]"
2019-01-22 19:03:15,323 DEBUG [main] wire:73 - http-outgoing-0 << "[\n]"
2019-01-22 19:03:15,323 DEBUG [main] wire:73 - http-outgoing-0 << "    <symbol viewBox="0 0 20 20" id="close">[\n]"
2019-01-22 19:03:15,323 DEBUG [main] wire:73 - http-outgoing-0 << "      <path d="M14.348 14.849c-.469.469-1.229.469-1.697 0L10 11.819l-2.651 3.029c-.469.469-1.229.469-1.697 0-.469-.469-.469-1.229 0-1.697l2.758-3.15-2.759-3.152c-.469-.469-.469-1.228 0-1.697.469-.469 1.228-.469 1.697 0L10 8.183l2.651-3.031c.469-.469 1.228-.469 1.697 0 .469.469.469 1.229 0 1.697l-2.758 3.152 2.758 3.15c.469.469.469 1.229 0 1.698z"/>[\n]"
2019-01-22 19:03:15,338 DEBUG [main] wire:73 - http-outgoing-0 << "    </symbol>[\n]"
2019-01-22 19:03:15,338 DEBUG [main] wire:73 - http-outgoing-0 << "[\n]"
2019-01-22 19:03:15,338 DEBUG [main] wire:73 - http-outgoing-0 << "    <symbol viewBox="0 0 20 20" id="large-arrow">[\n]"
2019-01-22 19:03:15,338 DEBUG [main] wire:73 - http-outgoing-0 << "      <path d="M13.25 10L6.109 2.58c-.268-.27-.268-.707 0-.979.268-.27.701-.27.969 0l7.83 7.908c.268.271.268.709 0 .979l-7.83 7.908c-.268.271-.701.27-.969 0-.268-.269-.268-.707 0-.979L13.25 10z"/>[\n]"
2019-01-22 19:03:15,338 DEBUG [main] wire:73 - http-outgoing-0 << "    </symbol>[\n]"
2019-01-22 19:03:15,338 DEBUG [main] wire:73 - http-outgoing-0 << "[\n]"
2019-01-22 19:03:15,338 DEBUG [main] wire:73 - http-outgoing-0 << "    <symbol viewBox="0 0 20 20" id="large-arrow-down">[\n]"
2019-01-22 19:03:15,338 DEBUG [main] wire:73 - http-outgoing-0 << "      <path d="M17.418 6.109c.272-.268.709-.268.979 0s.271.701 0 .969l-7.908 7.83c-.27.268-.707.268-.979 0l-7.908-7.83c-.27-.268-.27-.701 0-.969.271-.268.709-.268.979 0L10 13.25l7.418-7.141z"/>[\n]"
2019-01-22 19:03:15,338 DEBUG [main] wire:73 - http-outgoing-0 << "    </symbol>[\n]"
2019-01-22 19:03:15,338 DEBUG [main] wire:73 - http-outgoing-0 << "[\n]"
2019-01-22 19:03:15,338 DEBUG [main] wire:73 - http-outgoing-0 << "[\n]"
2019-01-22 19:03:15,338 DEBUG [main] wire:73 - http-outgoing-0 << "    <symbol viewBox="0 0 24 24" id="jump-to">[\n]"
2019-01-22 19:03:15,338 DEBUG [main] wire:73 - http-outgoing-0 << "      <path d="M19 7v4H5.83l3.58-3.59L8 6l-6 6 6 6 1.41-1.41L5.83 13H21V7z"/>[\n]"
2019-01-22 19:03:15,338 DEBUG [main] wire:73 - http-outgoing-0 << "    </symbol>[\n]"
2019-01-22 19:03:15,338 DEBUG [main] wire:73 - http-outgoing-0 << "[\n]"
2019-01-22 19:03:15,338 DEBUG [main] wire:73 - http-outgoing-0 << "    <symbol viewBox="0 0 24 24" id="expand">[\n]"
2019-01-22 19:03:15,338 DEBUG [main] wire:73 - http-outgoing-0 << "      <path d="M10 18h4v-2h-4v2zM3 6v2h18V6H3zm3 7h12v-2H6v2z"/>[\n]"
2019-01-22 19:03:15,338 DEBUG [main] wire:73 - http-outgoing-0 << "    </symbol>[\n]"
2019-01-22 19:03:15,338 DEBUG [main] wire:73 - http-outgoing-0 << "[\n]"
2019-01-22 19:03:15,338 DEBUG [main] wire:73 - http-outgoing-0 << "  </defs>[\n]"
2019-01-22 19:03:15,338 DEBUG [main] wire:73 - http-outgoing-0 << "</svg>[\n]"
2019-01-22 19:03:15,338 DEBUG [main] wire:73 - http-outgoing-0 << "[\n]"
2019-01-22 19:03:15,338 DEBUG [main] wire:73 - http-outgoing-0 << "<div id="swagger-ui"></div>[\n]"
2019-01-22 19:03:15,338 DEBUG [main] wire:73 - http-outgoing-0 << "[\n]"
2019-01-22 19:03:15,338 DEBUG [main] wire:73 - http-outgoing-0 << "<script src="webjars/springfox-swagger-ui/swagger-ui-bundle.js?v=2.9.2"> </script>[\n]"
2019-01-22 19:03:15,338 DEBUG [main] wire:73 - http-outgoing-0 << "<script src="webjars/springfox-swagger-ui/swagger-ui-standalone-preset.js?v=2.9.2"> </script>[\n]"
2019-01-22 19:03:15,338 DEBUG [main] wire:73 - http-outgoing-0 << "<script src="webjars/springfox-swagger-ui/springfox.js?v=2.9.2"> </script>[\n]"
2019-01-22 19:03:15,338 DEBUG [main] wire:73 - http-outgoing-0 << "</body>[\n]"
2019-01-22 19:03:15,338 DEBUG [main] wire:73 - http-outgoing-0 << "[\n]"
2019-01-22 19:03:15,338 DEBUG [main] wire:73 - http-outgoing-0 << "</html>[\n]"
2019-01-22 19:03:15,338 DEBUG [main] headers:122 - http-outgoing-0 << HTTP/1.1 200 
2019-01-22 19:03:15,338 DEBUG [main] headers:125 - http-outgoing-0 << Last-Modified: Fri, 18 Jan 2019 14:43:00 GMT
2019-01-22 19:03:15,338 DEBUG [main] headers:125 - http-outgoing-0 << Accept-Ranges: bytes
2019-01-22 19:03:15,338 DEBUG [main] headers:125 - http-outgoing-0 << X-Content-Type-Options: nosniff
2019-01-22 19:03:15,338 DEBUG [main] headers:125 - http-outgoing-0 << X-XSS-Protection: 1; mode=block
2019-01-22 19:03:15,338 DEBUG [main] headers:125 - http-outgoing-0 << Cache-Control: no-cache, no-store, max-age=0, must-revalidate
2019-01-22 19:03:15,338 DEBUG [main] headers:125 - http-outgoing-0 << Pragma: no-cache
2019-01-22 19:03:15,338 DEBUG [main] headers:125 - http-outgoing-0 << Expires: 0
2019-01-22 19:03:15,338 DEBUG [main] headers:125 - http-outgoing-0 << X-Frame-Options: DENY
2019-01-22 19:03:15,338 DEBUG [main] headers:125 - http-outgoing-0 << Content-Type: text/html
2019-01-22 19:03:15,338 DEBUG [main] headers:125 - http-outgoing-0 << Content-Length: 3318
2019-01-22 19:03:15,338 DEBUG [main] headers:125 - http-outgoing-0 << Date: Tue, 22 Jan 2019 13:33:15 GMT
2019-01-22 19:03:15,354 DEBUG [main] MainClientExec:285 - Connection can be kept alive indefinitely
2019-01-22 19:03:15,998 DEBUG [main] BasicClientConnectionManager:161 - Get connection for route {}->http://ec2-54-85-251-235.compute-1.amazonaws.com:8080
2019-01-22 19:03:16,002 DEBUG [main] DefaultClientConnectionOperator:177 - Connecting to ec2-54-85-251-235.compute-1.amazonaws.com:8080
2019-01-22 19:03:16,242 DEBUG [main] RequestAddCookies:123 - CookieSpec selected: ignoreCookies
2019-01-22 19:03:16,243 DEBUG [main] RequestAuthCache:77 - Auth cache not set in the context
2019-01-22 19:03:16,243 DEBUG [main] RequestTargetAuthentication:80 - Target auth state: UNCHALLENGED
2019-01-22 19:03:16,244 DEBUG [main] RequestProxyAuthentication:89 - Proxy auth state: UNCHALLENGED
2019-01-22 19:03:16,244 DEBUG [main] DefaultHttpClient:682 - Attempt 1 to execute request
2019-01-22 19:03:16,244 DEBUG [main] DefaultClientConnection:274 - Sending request: GET /swagger-ui.html HTTP/1.1
2019-01-22 19:03:16,245 DEBUG [main] wire:73 -  >> "GET /swagger-ui.html HTTP/1.1[\r][\n]"
2019-01-22 19:03:16,245 DEBUG [main] wire:73 -  >> "Accept: */*[\r][\n]"
2019-01-22 19:03:16,245 DEBUG [main] wire:73 -  >> "Content-Length: 0[\r][\n]"
2019-01-22 19:03:16,245 DEBUG [main] wire:73 -  >> "Host: ec2-54-85-251-235.compute-1.amazonaws.com:8080[\r][\n]"
2019-01-22 19:03:16,245 DEBUG [main] wire:73 -  >> "Connection: Keep-Alive[\r][\n]"
2019-01-22 19:03:16,246 DEBUG [main] wire:73 -  >> "User-Agent: Apache-HttpClient/4.5.6 (Java/1.8.0_191)[\r][\n]"
2019-01-22 19:03:16,246 DEBUG [main] wire:73 -  >> "Accept-Encoding: gzip,deflate[\r][\n]"
2019-01-22 19:03:16,246 DEBUG [main] wire:73 -  >> "[\r][\n]"
2019-01-22 19:03:16,246 DEBUG [main] headers:278 - >> GET /swagger-ui.html HTTP/1.1
2019-01-22 19:03:16,246 DEBUG [main] headers:281 - >> Accept: */*
2019-01-22 19:03:16,246 DEBUG [main] headers:281 - >> Content-Length: 0
2019-01-22 19:03:16,247 DEBUG [main] headers:281 - >> Host: ec2-54-85-251-235.compute-1.amazonaws.com:8080
2019-01-22 19:03:16,247 DEBUG [main] headers:281 - >> Connection: Keep-Alive
2019-01-22 19:03:16,247 DEBUG [main] headers:281 - >> User-Agent: Apache-HttpClient/4.5.6 (Java/1.8.0_191)
2019-01-22 19:03:16,247 DEBUG [main] headers:281 - >> Accept-Encoding: gzip,deflate
2019-01-22 19:03:16,490 DEBUG [main] wire:73 -  << "HTTP/1.1 200 [\r][\n]"
2019-01-22 19:03:16,491 DEBUG [main] wire:73 -  << "Last-Modified: Fri, 18 Jan 2019 14:43:00 GMT[\r][\n]"
2019-01-22 19:03:16,491 DEBUG [main] wire:73 -  << "Accept-Ranges: bytes[\r][\n]"
2019-01-22 19:03:16,491 DEBUG [main] wire:73 -  << "X-Content-Type-Options: nosniff[\r][\n]"
2019-01-22 19:03:16,491 DEBUG [main] wire:73 -  << "X-XSS-Protection: 1; mode=block[\r][\n]"
2019-01-22 19:03:16,491 DEBUG [main] wire:73 -  << "Cache-Control: no-cache, no-store, max-age=0, must-revalidate[\r][\n]"
2019-01-22 19:03:16,491 DEBUG [main] wire:73 -  << "Pragma: no-cache[\r][\n]"
2019-01-22 19:03:16,491 DEBUG [main] wire:73 -  << "Expires: 0[\r][\n]"
2019-01-22 19:03:16,492 DEBUG [main] wire:73 -  << "X-Frame-Options: DENY[\r][\n]"
2019-01-22 19:03:16,492 DEBUG [main] wire:73 -  << "Content-Type: text/html[\r][\n]"
2019-01-22 19:03:16,492 DEBUG [main] wire:73 -  << "Content-Length: 3318[\r][\n]"
2019-01-22 19:03:16,492 DEBUG [main] wire:73 -  << "Date: Tue, 22 Jan 2019 13:33:16 GMT[\r][\n]"
2019-01-22 19:03:16,492 DEBUG [main] wire:73 -  << "[\r][\n]"
2019-01-22 19:03:16,492 DEBUG [main] DefaultClientConnection:259 - Receiving response: HTTP/1.1 200 
2019-01-22 19:03:16,493 DEBUG [main] headers:262 - << HTTP/1.1 200 
2019-01-22 19:03:16,493 DEBUG [main] headers:265 - << Last-Modified: Fri, 18 Jan 2019 14:43:00 GMT
2019-01-22 19:03:16,493 DEBUG [main] headers:265 - << Accept-Ranges: bytes
2019-01-22 19:03:16,493 DEBUG [main] headers:265 - << X-Content-Type-Options: nosniff
2019-01-22 19:03:16,493 DEBUG [main] headers:265 - << X-XSS-Protection: 1; mode=block
2019-01-22 19:03:16,493 DEBUG [main] headers:265 - << Cache-Control: no-cache, no-store, max-age=0, must-revalidate
2019-01-22 19:03:16,493 DEBUG [main] headers:265 - << Pragma: no-cache
2019-01-22 19:03:16,494 DEBUG [main] headers:265 - << Expires: 0
2019-01-22 19:03:16,494 DEBUG [main] headers:265 - << X-Frame-Options: DENY
2019-01-22 19:03:16,494 DEBUG [main] headers:265 - << Content-Type: text/html
2019-01-22 19:03:16,494 DEBUG [main] headers:265 - << Content-Length: 3318
2019-01-22 19:03:16,494 DEBUG [main] headers:265 - << Date: Tue, 22 Jan 2019 13:33:16 GMT
2019-01-22 19:03:16,494 DEBUG [main] DefaultHttpClient:509 - Connection can be kept alive indefinitely
2019-01-22 19:03:16,507 DEBUG [main] RequestSpecificationImpl$RestAssuredHttpBuilder:545 - Parsing response as: text/html
2019-01-22 19:03:16,507 DEBUG [main] RequestSpecificationImpl$RestAssuredHttpBuilder:548 - Parsed data to instance of: class org.apache.http.conn.EofSensorInputStream
2019-01-22 19:03:16,529 DEBUG [main] PoolingHttpClientConnectionManager:341 - Connection [id: 0][route: {}->http://ec2-54-85-251-235.compute-1.amazonaws.com:8080] can be kept alive indefinitely
2019-01-22 19:03:16,529 DEBUG [main] DefaultManagedHttpClientConnection:88 - http-outgoing-0: set socket timeout to 0
2019-01-22 19:03:16,529 DEBUG [main] PoolingHttpClientConnectionManager:348 - Connection released: [id: 0][route: {}->http://ec2-54-85-251-235.compute-1.amazonaws.com:8080][total kept alive: 1; route allocated: 1 of 2; total allocated: 1 of 20]
=======
2019-01-22 15:11:33,934 DEBUG [main] RequestAddCookies:123 - CookieSpec selected: default
2019-01-22 15:11:33,953 DEBUG [main] RequestAuthCache:77 - Auth cache not set in the context
2019-01-22 15:11:33,954 DEBUG [main] PoolingHttpClientConnectionManager:265 - Connection request: [route: {s}->https://reqres.in:443][total kept alive: 0; route allocated: 0 of 2; total allocated: 0 of 20]
2019-01-22 15:11:33,961 DEBUG [main] PoolingHttpClientConnectionManager:309 - Connection leased: [id: 0][route: {s}->https://reqres.in:443][total kept alive: 0; route allocated: 1 of 2; total allocated: 1 of 20]
2019-01-22 15:11:33,961 DEBUG [main] MainClientExec:235 - Opening connection {s}->https://reqres.in:443
2019-01-22 15:11:33,961 DEBUG [main] DefaultHttpClientConnectionOperator:139 - Connecting to reqres.in/104.27.134.11:443
2019-01-22 15:11:33,961 DEBUG [main] SSLConnectionSocketFactory:337 - Connecting socket to reqres.in/104.27.134.11:443 with timeout 0
2019-01-22 15:11:34,092 DEBUG [main] SSLConnectionSocketFactory:390 - Enabled protocols: [TLSv1, TLSv1.1, TLSv1.2]
2019-01-22 15:11:34,092 DEBUG [main] SSLConnectionSocketFactory:391 - Enabled cipher suites:[TLS_ECDHE_ECDSA_WITH_AES_256_CBC_SHA384, TLS_ECDHE_RSA_WITH_AES_256_CBC_SHA384, TLS_RSA_WITH_AES_256_CBC_SHA256, TLS_ECDH_ECDSA_WITH_AES_256_CBC_SHA384, TLS_ECDH_RSA_WITH_AES_256_CBC_SHA384, TLS_DHE_RSA_WITH_AES_256_CBC_SHA256, TLS_DHE_DSS_WITH_AES_256_CBC_SHA256, TLS_ECDHE_ECDSA_WITH_AES_256_CBC_SHA, TLS_ECDHE_RSA_WITH_AES_256_CBC_SHA, TLS_RSA_WITH_AES_256_CBC_SHA, TLS_ECDH_ECDSA_WITH_AES_256_CBC_SHA, TLS_ECDH_RSA_WITH_AES_256_CBC_SHA, TLS_DHE_RSA_WITH_AES_256_CBC_SHA, TLS_DHE_DSS_WITH_AES_256_CBC_SHA, TLS_ECDHE_ECDSA_WITH_AES_128_CBC_SHA256, TLS_ECDHE_RSA_WITH_AES_128_CBC_SHA256, TLS_RSA_WITH_AES_128_CBC_SHA256, TLS_ECDH_ECDSA_WITH_AES_128_CBC_SHA256, TLS_ECDH_RSA_WITH_AES_128_CBC_SHA256, TLS_DHE_RSA_WITH_AES_128_CBC_SHA256, TLS_DHE_DSS_WITH_AES_128_CBC_SHA256, TLS_ECDHE_ECDSA_WITH_AES_128_CBC_SHA, TLS_ECDHE_RSA_WITH_AES_128_CBC_SHA, TLS_RSA_WITH_AES_128_CBC_SHA, TLS_ECDH_ECDSA_WITH_AES_128_CBC_SHA, TLS_ECDH_RSA_WITH_AES_128_CBC_SHA, TLS_DHE_RSA_WITH_AES_128_CBC_SHA, TLS_DHE_DSS_WITH_AES_128_CBC_SHA, TLS_ECDHE_ECDSA_WITH_AES_256_GCM_SHA384, TLS_ECDHE_ECDSA_WITH_AES_128_GCM_SHA256, TLS_ECDHE_RSA_WITH_AES_256_GCM_SHA384, TLS_RSA_WITH_AES_256_GCM_SHA384, TLS_ECDH_ECDSA_WITH_AES_256_GCM_SHA384, TLS_ECDH_RSA_WITH_AES_256_GCM_SHA384, TLS_DHE_RSA_WITH_AES_256_GCM_SHA384, TLS_DHE_DSS_WITH_AES_256_GCM_SHA384, TLS_ECDHE_RSA_WITH_AES_128_GCM_SHA256, TLS_RSA_WITH_AES_128_GCM_SHA256, TLS_ECDH_ECDSA_WITH_AES_128_GCM_SHA256, TLS_ECDH_RSA_WITH_AES_128_GCM_SHA256, TLS_DHE_RSA_WITH_AES_128_GCM_SHA256, TLS_DHE_DSS_WITH_AES_128_GCM_SHA256, TLS_EMPTY_RENEGOTIATION_INFO_SCSV]
2019-01-22 15:11:34,092 DEBUG [main] SSLConnectionSocketFactory:395 - Starting handshake
2019-01-22 15:11:34,292 DEBUG [main] SSLConnectionSocketFactory:425 - Secure session established
2019-01-22 15:11:34,292 DEBUG [main] SSLConnectionSocketFactory:426 -  negotiated protocol: TLSv1.2
2019-01-22 15:11:34,292 DEBUG [main] SSLConnectionSocketFactory:427 -  negotiated cipher suite: TLS_ECDHE_ECDSA_WITH_AES_128_GCM_SHA256
2019-01-22 15:11:34,292 DEBUG [main] SSLConnectionSocketFactory:435 -  peer principal: CN=sni96286.cloudflaressl.com, OU=PositiveSSL Multi-Domain, OU=Domain Control Validated
2019-01-22 15:11:34,292 DEBUG [main] SSLConnectionSocketFactory:444 -  peer alternative names: [sni96286.cloudflaressl.com, *.6musicnvideos.gq, *.alypa.cl, *.arredamentobar.altervista.org, *.balloornssq.tk, *.candfortcogci.ml, *.cetiontop.tk, *.childrenfuture.cf, *.dhcmx.com, *.dogtklonfercver.cf, *.dpdfpocong.gq, *.getthedjobsq.ga, *.gogwamiri.ga, *.hurtworld-servers.ru, *.hwbutin.com, *.instintobasico.com.br, *.jedzto.ga, *.kados.pro, *.kemiyyru.cf, *.koreadrumq.cf, *.murdochfamily.id.au, *.precisioncleaninghawaii.com, *.ranalemdi.cf, *.reqres.in, *.rescatevalencia.org, *.rorimaq.com.br, *.sabeonde.com.br, *.satishweb.cf, *.siemon.id.au, *.tetete.ru, *.thrivenowseminars.com, *.tiotrominti.ga, *.tivpihelpsq.cf, *.tonysnails.com, *.trochbannomer.cf, *.vapethevideo.ml, *.visiondefender.co.uk, *.ymyhyjydexy.tk, *.ytheredfilm.gq, 6musicnvideos.gq, alypa.cl, arredamentobar.altervista.org, balloornssq.tk, candfortcogci.ml, cetiontop.tk, childrenfuture.cf, dhcmx.com, dogtklonfercver.cf, dpdfpocong.gq, getthedjobsq.ga, gogwamiri.ga, hurtworld-servers.ru, hwbutin.com, instintobasico.com.br, jedzto.ga, kados.pro, kemiyyru.cf, koreadrumq.cf, murdochfamily.id.au, precisioncleaninghawaii.com, ranalemdi.cf, reqres.in, rescatevalencia.org, rorimaq.com.br, sabeonde.com.br, satishweb.cf, siemon.id.au, tetete.ru, thrivenowseminars.com, tiotrominti.ga, tivpihelpsq.cf, tonysnails.com, trochbannomer.cf, vapethevideo.ml, visiondefender.co.uk, ymyhyjydexy.tk, ytheredfilm.gq]
2019-01-22 15:11:34,292 DEBUG [main] SSLConnectionSocketFactory:448 -  issuer principal: CN=COMODO ECC Domain Validation Secure Server CA 2, O=COMODO CA Limited, L=Salford, ST=Greater Manchester, C=GB
2019-01-22 15:11:34,307 DEBUG [main] DefaultHttpClientConnectionOperator:146 - Connection established 10.131.60.42:51057<->104.27.134.11:443
2019-01-22 15:11:34,307 DEBUG [main] MainClientExec:256 - Executing request GET /api/users HTTP/1.1
2019-01-22 15:11:34,307 DEBUG [main] MainClientExec:261 - Target auth state: UNCHALLENGED
2019-01-22 15:11:34,307 DEBUG [main] MainClientExec:267 - Proxy auth state: UNCHALLENGED
2019-01-22 15:11:34,307 DEBUG [main] headers:133 - http-outgoing-0 >> GET /api/users HTTP/1.1
2019-01-22 15:11:34,307 DEBUG [main] headers:136 - http-outgoing-0 >> Host: reqres.in
2019-01-22 15:11:34,307 DEBUG [main] headers:136 - http-outgoing-0 >> Connection: Keep-Alive
2019-01-22 15:11:34,307 DEBUG [main] headers:136 - http-outgoing-0 >> User-Agent: Apache-HttpClient/4.5.6 (Java/1.8.0_191)
2019-01-22 15:11:34,307 DEBUG [main] headers:136 - http-outgoing-0 >> Accept-Encoding: gzip,deflate
2019-01-22 15:11:34,307 DEBUG [main] wire:73 - http-outgoing-0 >> "GET /api/users HTTP/1.1[\r][\n]"
2019-01-22 15:11:34,307 DEBUG [main] wire:73 - http-outgoing-0 >> "Host: reqres.in[\r][\n]"
2019-01-22 15:11:34,307 DEBUG [main] wire:73 - http-outgoing-0 >> "Connection: Keep-Alive[\r][\n]"
2019-01-22 15:11:34,307 DEBUG [main] wire:73 - http-outgoing-0 >> "User-Agent: Apache-HttpClient/4.5.6 (Java/1.8.0_191)[\r][\n]"
2019-01-22 15:11:34,307 DEBUG [main] wire:73 - http-outgoing-0 >> "Accept-Encoding: gzip,deflate[\r][\n]"
2019-01-22 15:11:34,307 DEBUG [main] wire:73 - http-outgoing-0 >> "[\r][\n]"
2019-01-22 15:11:34,564 DEBUG [main] wire:73 - http-outgoing-0 << "HTTP/1.1 200 OK[\r][\n]"
2019-01-22 15:11:34,564 DEBUG [main] wire:73 - http-outgoing-0 << "Date: Tue, 22 Jan 2019 09:41:34 GMT[\r][\n]"
2019-01-22 15:11:34,564 DEBUG [main] wire:73 - http-outgoing-0 << "Content-Type: application/json; charset=utf-8[\r][\n]"
2019-01-22 15:11:34,564 DEBUG [main] wire:73 - http-outgoing-0 << "Transfer-Encoding: chunked[\r][\n]"
2019-01-22 15:11:34,564 DEBUG [main] wire:73 - http-outgoing-0 << "Connection: keep-alive[\r][\n]"
2019-01-22 15:11:34,564 DEBUG [main] wire:73 - http-outgoing-0 << "Set-Cookie: __cfduid=d60fd4ad7515d7f2cbfbbd67ada39bc151548150094; expires=Wed, 22-Jan-20 09:41:34 GMT; path=/; domain=.reqres.in; HttpOnly[\r][\n]"
2019-01-22 15:11:34,564 DEBUG [main] wire:73 - http-outgoing-0 << "X-Powered-By: Express[\r][\n]"
2019-01-22 15:11:34,564 DEBUG [main] wire:73 - http-outgoing-0 << "Access-Control-Allow-Origin: *[\r][\n]"
2019-01-22 15:11:34,564 DEBUG [main] wire:73 - http-outgoing-0 << "ETag: W/"1bb-D+c3sZ5g5u/nmLPQRl1uVo2heAo"[\r][\n]"
2019-01-22 15:11:34,564 DEBUG [main] wire:73 - http-outgoing-0 << "Expect-CT: max-age=604800, report-uri="https://report-uri.cloudflare.com/cdn-cgi/beacon/expect-ct"[\r][\n]"
2019-01-22 15:11:34,564 DEBUG [main] wire:73 - http-outgoing-0 << "Server: cloudflare[\r][\n]"
2019-01-22 15:11:34,564 DEBUG [main] wire:73 - http-outgoing-0 << "CF-RAY: 49d110c9a928a930-SIN[\r][\n]"
2019-01-22 15:11:34,564 DEBUG [main] wire:73 - http-outgoing-0 << "Content-Encoding: gzip[\r][\n]"
2019-01-22 15:11:34,564 DEBUG [main] wire:73 - http-outgoing-0 << "[\r][\n]"
2019-01-22 15:11:34,564 DEBUG [main] wire:73 - http-outgoing-0 << "db[\r][\n]"
2019-01-22 15:11:34,564 DEBUG [main] wire:73 - http-outgoing-0 << "[0x1f][0x8b][0x8][0x0][0x0][0x0][0x0][0x0][0x0][0x3][0xa4][0xce]Mj[0xc3]0[0x10][0x5][0xe0][0xbb][0xcc]ZX[0xd8][0xee][0xa2]hY([0x85]^[0xa0][0x8b]R[0xc2][0x8b]=[0x91][0x15]$[0x8f][0x90]&[0xe]$[0xe4][0xee][0x85][0xb8][0x10]p[0x97][0xd9][0xc][0xf3][0xc3][0xf0][0xbd]+ex&[0xd7][0x1a][0xca]\v[0xeb][0xd0][0x1b]RQDrm[0xf7][0xd7][0xde]/[0x95][0xdc][0x8b][0xa1][0x11][\n]"
2019-01-22 15:11:34,564 DEBUG [main] wire:73 - http-outgoing-0 << "r[0xdf]W[\n]"
2019-01-22 15:11:34,564 DEBUG [main] wire:73 - http-outgoing-0 << "[0xe3][0xfd][0xef][0x10]J[0xd5][0xdd][0x8c][0xc4][0xe4][0xe8][0x83][0xa5]x&C[0x11][0x8f][0xe5][<[0xe9]D[0x86][0xb0]@Q[0xc8][0xd1][0xa4][0x9a][0xab][0xb3][0xb6][0xf6][\r][0x12].2[0xe3]\[0x9b]A[0x92]=[0x85][0x3][0x6][0xae]v[0xad]z[0xe][0xaa]\[0xec][0x80][0xc8]{[0xf1]#[0xcf][0xb6][0xed]^[0x9b]c[0xf6]t3[0xab][0xdf]m[0xfc]O[0xcc][0xac][0x1b][0xfe][0x8b][0xb1]py[0xc2]?J[0xe5]<U[0xe5][0xf0]?@[0xbf][0x9][0xf0][0x9e][0x12][0xb6][0xbe][0xcc][0xfe][0x9]]"[0xfb],^F[0xf0][0xf2][0xe0]n[0xbf][0x0][0x0][0x0][0xff][0xff][0x3][0x0][0xf4][0xe9]M[[0xbb][0x1][0x0][0x0][\r][\n]"
2019-01-22 15:11:34,579 DEBUG [main] headers:122 - http-outgoing-0 << HTTP/1.1 200 OK
2019-01-22 15:11:34,579 DEBUG [main] headers:125 - http-outgoing-0 << Date: Tue, 22 Jan 2019 09:41:34 GMT
2019-01-22 15:11:34,579 DEBUG [main] headers:125 - http-outgoing-0 << Content-Type: application/json; charset=utf-8
2019-01-22 15:11:34,579 DEBUG [main] headers:125 - http-outgoing-0 << Transfer-Encoding: chunked
2019-01-22 15:11:34,579 DEBUG [main] headers:125 - http-outgoing-0 << Connection: keep-alive
2019-01-22 15:11:34,579 DEBUG [main] headers:125 - http-outgoing-0 << Set-Cookie: __cfduid=d60fd4ad7515d7f2cbfbbd67ada39bc151548150094; expires=Wed, 22-Jan-20 09:41:34 GMT; path=/; domain=.reqres.in; HttpOnly
2019-01-22 15:11:34,579 DEBUG [main] headers:125 - http-outgoing-0 << X-Powered-By: Express
2019-01-22 15:11:34,579 DEBUG [main] headers:125 - http-outgoing-0 << Access-Control-Allow-Origin: *
2019-01-22 15:11:34,579 DEBUG [main] headers:125 - http-outgoing-0 << ETag: W/"1bb-D+c3sZ5g5u/nmLPQRl1uVo2heAo"
2019-01-22 15:11:34,579 DEBUG [main] headers:125 - http-outgoing-0 << Expect-CT: max-age=604800, report-uri="https://report-uri.cloudflare.com/cdn-cgi/beacon/expect-ct"
2019-01-22 15:11:34,579 DEBUG [main] headers:125 - http-outgoing-0 << Server: cloudflare
2019-01-22 15:11:34,579 DEBUG [main] headers:125 - http-outgoing-0 << CF-RAY: 49d110c9a928a930-SIN
2019-01-22 15:11:34,579 DEBUG [main] headers:125 - http-outgoing-0 << Content-Encoding: gzip
2019-01-22 15:11:34,595 DEBUG [main] MainClientExec:285 - Connection can be kept alive indefinitely
2019-01-22 15:11:34,595 DEBUG [main] ResponseProcessCookies:119 - Cookie accepted [__cfduid="d60fd4ad7515d7f2cbfbbd67ada39bc151548150094", version:0, domain:reqres.in, path:/, expiry:Wed Jan 22 15:11:34 IST 2020]
2019-01-22 15:11:34,611 DEBUG [main] wire:73 - http-outgoing-0 << "0[\r][\n]"
2019-01-22 15:11:34,611 DEBUG [main] wire:73 - http-outgoing-0 << "[\r][\n]"
2019-01-22 15:11:34,611 DEBUG [main] PoolingHttpClientConnectionManager:341 - Connection [id: 0][route: {s}->https://reqres.in:443] can be kept alive indefinitely
2019-01-22 15:11:34,611 DEBUG [main] DefaultManagedHttpClientConnection:88 - http-outgoing-0: set socket timeout to 0
2019-01-22 15:11:34,611 DEBUG [main] PoolingHttpClientConnectionManager:348 - Connection released: [id: 0][route: {s}->https://reqres.in:443][total kept alive: 1; route allocated: 1 of 2; total allocated: 1 of 20]
2019-01-22 15:11:34,626 DEBUG [main] RequestAddCookies:123 - CookieSpec selected: default
2019-01-22 15:11:34,626 DEBUG [main] RequestAuthCache:77 - Auth cache not set in the context
2019-01-22 15:11:34,626 DEBUG [main] PoolingHttpClientConnectionManager:265 - Connection request: [route: {s}->https://reqres.in:443][total kept alive: 0; route allocated: 0 of 2; total allocated: 0 of 20]
2019-01-22 15:11:34,626 DEBUG [main] PoolingHttpClientConnectionManager:309 - Connection leased: [id: 1][route: {s}->https://reqres.in:443][total kept alive: 0; route allocated: 1 of 2; total allocated: 1 of 20]
2019-01-22 15:11:34,626 DEBUG [main] MainClientExec:235 - Opening connection {s}->https://reqres.in:443
2019-01-22 15:11:34,626 DEBUG [main] DefaultHttpClientConnectionOperator:139 - Connecting to reqres.in/104.27.134.11:443
2019-01-22 15:11:34,626 DEBUG [main] SSLConnectionSocketFactory:337 - Connecting socket to reqres.in/104.27.134.11:443 with timeout 0
2019-01-22 15:11:43,727 DEBUG [main] SSLConnectionSocketFactory:390 - Enabled protocols: [TLSv1, TLSv1.1, TLSv1.2]
2019-01-22 15:11:43,727 DEBUG [main] SSLConnectionSocketFactory:391 - Enabled cipher suites:[TLS_ECDHE_ECDSA_WITH_AES_256_CBC_SHA384, TLS_ECDHE_RSA_WITH_AES_256_CBC_SHA384, TLS_RSA_WITH_AES_256_CBC_SHA256, TLS_ECDH_ECDSA_WITH_AES_256_CBC_SHA384, TLS_ECDH_RSA_WITH_AES_256_CBC_SHA384, TLS_DHE_RSA_WITH_AES_256_CBC_SHA256, TLS_DHE_DSS_WITH_AES_256_CBC_SHA256, TLS_ECDHE_ECDSA_WITH_AES_256_CBC_SHA, TLS_ECDHE_RSA_WITH_AES_256_CBC_SHA, TLS_RSA_WITH_AES_256_CBC_SHA, TLS_ECDH_ECDSA_WITH_AES_256_CBC_SHA, TLS_ECDH_RSA_WITH_AES_256_CBC_SHA, TLS_DHE_RSA_WITH_AES_256_CBC_SHA, TLS_DHE_DSS_WITH_AES_256_CBC_SHA, TLS_ECDHE_ECDSA_WITH_AES_128_CBC_SHA256, TLS_ECDHE_RSA_WITH_AES_128_CBC_SHA256, TLS_RSA_WITH_AES_128_CBC_SHA256, TLS_ECDH_ECDSA_WITH_AES_128_CBC_SHA256, TLS_ECDH_RSA_WITH_AES_128_CBC_SHA256, TLS_DHE_RSA_WITH_AES_128_CBC_SHA256, TLS_DHE_DSS_WITH_AES_128_CBC_SHA256, TLS_ECDHE_ECDSA_WITH_AES_128_CBC_SHA, TLS_ECDHE_RSA_WITH_AES_128_CBC_SHA, TLS_RSA_WITH_AES_128_CBC_SHA, TLS_ECDH_ECDSA_WITH_AES_128_CBC_SHA, TLS_ECDH_RSA_WITH_AES_128_CBC_SHA, TLS_DHE_RSA_WITH_AES_128_CBC_SHA, TLS_DHE_DSS_WITH_AES_128_CBC_SHA, TLS_ECDHE_ECDSA_WITH_AES_256_GCM_SHA384, TLS_ECDHE_ECDSA_WITH_AES_128_GCM_SHA256, TLS_ECDHE_RSA_WITH_AES_256_GCM_SHA384, TLS_RSA_WITH_AES_256_GCM_SHA384, TLS_ECDH_ECDSA_WITH_AES_256_GCM_SHA384, TLS_ECDH_RSA_WITH_AES_256_GCM_SHA384, TLS_DHE_RSA_WITH_AES_256_GCM_SHA384, TLS_DHE_DSS_WITH_AES_256_GCM_SHA384, TLS_ECDHE_RSA_WITH_AES_128_GCM_SHA256, TLS_RSA_WITH_AES_128_GCM_SHA256, TLS_ECDH_ECDSA_WITH_AES_128_GCM_SHA256, TLS_ECDH_RSA_WITH_AES_128_GCM_SHA256, TLS_DHE_RSA_WITH_AES_128_GCM_SHA256, TLS_DHE_DSS_WITH_AES_128_GCM_SHA256, TLS_EMPTY_RENEGOTIATION_INFO_SCSV]
2019-01-22 15:11:43,727 DEBUG [main] SSLConnectionSocketFactory:395 - Starting handshake
2019-01-22 15:11:43,909 DEBUG [main] SSLConnectionSocketFactory:425 - Secure session established
2019-01-22 15:11:43,910 DEBUG [main] SSLConnectionSocketFactory:426 -  negotiated protocol: TLSv1.2
2019-01-22 15:11:43,910 DEBUG [main] SSLConnectionSocketFactory:427 -  negotiated cipher suite: TLS_ECDHE_ECDSA_WITH_AES_128_GCM_SHA256
2019-01-22 15:11:43,911 DEBUG [main] SSLConnectionSocketFactory:435 -  peer principal: CN=sni96286.cloudflaressl.com, OU=PositiveSSL Multi-Domain, OU=Domain Control Validated
2019-01-22 15:11:43,911 DEBUG [main] SSLConnectionSocketFactory:444 -  peer alternative names: [sni96286.cloudflaressl.com, *.6musicnvideos.gq, *.alypa.cl, *.arredamentobar.altervista.org, *.balloornssq.tk, *.candfortcogci.ml, *.cetiontop.tk, *.childrenfuture.cf, *.dhcmx.com, *.dogtklonfercver.cf, *.dpdfpocong.gq, *.getthedjobsq.ga, *.gogwamiri.ga, *.hurtworld-servers.ru, *.hwbutin.com, *.instintobasico.com.br, *.jedzto.ga, *.kados.pro, *.kemiyyru.cf, *.koreadrumq.cf, *.murdochfamily.id.au, *.precisioncleaninghawaii.com, *.ranalemdi.cf, *.reqres.in, *.rescatevalencia.org, *.rorimaq.com.br, *.sabeonde.com.br, *.satishweb.cf, *.siemon.id.au, *.tetete.ru, *.thrivenowseminars.com, *.tiotrominti.ga, *.tivpihelpsq.cf, *.tonysnails.com, *.trochbannomer.cf, *.vapethevideo.ml, *.visiondefender.co.uk, *.ymyhyjydexy.tk, *.ytheredfilm.gq, 6musicnvideos.gq, alypa.cl, arredamentobar.altervista.org, balloornssq.tk, candfortcogci.ml, cetiontop.tk, childrenfuture.cf, dhcmx.com, dogtklonfercver.cf, dpdfpocong.gq, getthedjobsq.ga, gogwamiri.ga, hurtworld-servers.ru, hwbutin.com, instintobasico.com.br, jedzto.ga, kados.pro, kemiyyru.cf, koreadrumq.cf, murdochfamily.id.au, precisioncleaninghawaii.com, ranalemdi.cf, reqres.in, rescatevalencia.org, rorimaq.com.br, sabeonde.com.br, satishweb.cf, siemon.id.au, tetete.ru, thrivenowseminars.com, tiotrominti.ga, tivpihelpsq.cf, tonysnails.com, trochbannomer.cf, vapethevideo.ml, visiondefender.co.uk, ymyhyjydexy.tk, ytheredfilm.gq]
2019-01-22 15:11:43,912 DEBUG [main] SSLConnectionSocketFactory:448 -  issuer principal: CN=COMODO ECC Domain Validation Secure Server CA 2, O=COMODO CA Limited, L=Salford, ST=Greater Manchester, C=GB
2019-01-22 15:11:43,916 DEBUG [main] DefaultHttpClientConnectionOperator:146 - Connection established 10.131.60.42:51058<->104.27.134.11:443
2019-01-22 15:11:43,916 DEBUG [main] MainClientExec:256 - Executing request GET /api/users HTTP/1.1
2019-01-22 15:11:43,917 DEBUG [main] MainClientExec:261 - Target auth state: UNCHALLENGED
2019-01-22 15:11:43,917 DEBUG [main] MainClientExec:267 - Proxy auth state: UNCHALLENGED
2019-01-22 15:11:43,918 DEBUG [main] headers:133 - http-outgoing-1 >> GET /api/users HTTP/1.1
2019-01-22 15:11:43,919 DEBUG [main] headers:136 - http-outgoing-1 >> Host: reqres.in
2019-01-22 15:11:43,919 DEBUG [main] headers:136 - http-outgoing-1 >> Connection: Keep-Alive
2019-01-22 15:11:43,920 DEBUG [main] headers:136 - http-outgoing-1 >> User-Agent: Apache-HttpClient/4.5.6 (Java/1.8.0_191)
2019-01-22 15:11:43,920 DEBUG [main] headers:136 - http-outgoing-1 >> Accept-Encoding: gzip,deflate
2019-01-22 15:11:43,921 DEBUG [main] wire:73 - http-outgoing-1 >> "GET /api/users HTTP/1.1[\r][\n]"
2019-01-22 15:11:43,921 DEBUG [main] wire:73 - http-outgoing-1 >> "Host: reqres.in[\r][\n]"
2019-01-22 15:11:43,922 DEBUG [main] wire:73 - http-outgoing-1 >> "Connection: Keep-Alive[\r][\n]"
2019-01-22 15:11:43,923 DEBUG [main] wire:73 - http-outgoing-1 >> "User-Agent: Apache-HttpClient/4.5.6 (Java/1.8.0_191)[\r][\n]"
2019-01-22 15:11:43,923 DEBUG [main] wire:73 - http-outgoing-1 >> "Accept-Encoding: gzip,deflate[\r][\n]"
2019-01-22 15:11:43,924 DEBUG [main] wire:73 - http-outgoing-1 >> "[\r][\n]"
2019-01-22 15:11:44,359 DEBUG [main] wire:73 - http-outgoing-1 << "HTTP/1.1 200 OK[\r][\n]"
2019-01-22 15:11:44,359 DEBUG [main] wire:73 - http-outgoing-1 << "Date: Tue, 22 Jan 2019 09:41:44 GMT[\r][\n]"
2019-01-22 15:11:44,359 DEBUG [main] wire:73 - http-outgoing-1 << "Content-Type: application/json; charset=utf-8[\r][\n]"
2019-01-22 15:11:44,359 DEBUG [main] wire:73 - http-outgoing-1 << "Transfer-Encoding: chunked[\r][\n]"
2019-01-22 15:11:44,375 DEBUG [main] wire:73 - http-outgoing-1 << "Connection: keep-alive[\r][\n]"
2019-01-22 15:11:44,375 DEBUG [main] wire:73 - http-outgoing-1 << "Set-Cookie: __cfduid=dad06ec281753d78c383bd8540f8e3e641548150103; expires=Wed, 22-Jan-20 09:41:43 GMT; path=/; domain=.reqres.in; HttpOnly[\r][\n]"
2019-01-22 15:11:44,376 DEBUG [main] wire:73 - http-outgoing-1 << "X-Powered-By: Express[\r][\n]"
2019-01-22 15:11:44,376 DEBUG [main] wire:73 - http-outgoing-1 << "Access-Control-Allow-Origin: *[\r][\n]"
2019-01-22 15:11:44,377 DEBUG [main] wire:73 - http-outgoing-1 << "ETag: W/"1bb-D+c3sZ5g5u/nmLPQRl1uVo2heAo"[\r][\n]"
2019-01-22 15:11:44,377 DEBUG [main] wire:73 - http-outgoing-1 << "Expect-CT: max-age=604800, report-uri="https://report-uri.cloudflare.com/cdn-cgi/beacon/expect-ct"[\r][\n]"
2019-01-22 15:11:44,378 DEBUG [main] wire:73 - http-outgoing-1 << "Server: cloudflare[\r][\n]"
2019-01-22 15:11:44,378 DEBUG [main] wire:73 - http-outgoing-1 << "CF-RAY: 49d11105bffd703e-SIN[\r][\n]"
2019-01-22 15:11:44,379 DEBUG [main] wire:73 - http-outgoing-1 << "Content-Encoding: gzip[\r][\n]"
2019-01-22 15:11:44,380 DEBUG [main] wire:73 - http-outgoing-1 << "[\r][\n]"
2019-01-22 15:11:44,380 DEBUG [main] wire:73 - http-outgoing-1 << "db[\r][\n]"
2019-01-22 15:11:44,381 DEBUG [main] wire:73 - http-outgoing-1 << "[0x1f][0x8b][0x8][0x0][0x0][0x0][0x0][0x0][0x0][0x3][0xa4][0xce]Mj[0xc3]0[0x10][0x5][0xe0][0xbb][0xcc]ZX[0xd8][0xee][0xa2]hY([0x85]^[0xa0][0x8b]R[0xc2][0x8b]=[0x91][0x15]$[0x8f][0x90]&[0xe]$[0xe4][0xee][0x85][0xb8][0x10]p[0x97][0xd9][0xc][0xf3][0xc3][0xf0][0xbd]+ex&[0xd7][0x1a][0xca]\v[0xeb][0xd0][0x1b]RQDrm[0xf7][0xd7][0xde]/[0x95][0xdc][0x8b][0xa1][0x11][\n]"
2019-01-22 15:11:44,381 DEBUG [main] wire:73 - http-outgoing-1 << "r[0xdf]W[\n]"
2019-01-22 15:11:44,381 DEBUG [main] wire:73 - http-outgoing-1 << "[0xe3][0xfd][0xef][0x10]J[0xd5][0xdd][0x8c][0xc4][0xe4][0xe8][0x83][0xa5]x&C[0x11][0x8f][0xe5][<[0xe9]D[0x86][0xb0]@Q[0xc8][0xd1][0xa4][0x9a][0xab][0xb3][0xb6][0xf6][\r][0x12].2[0xe3]\[0x9b]A[0x92]=[0x85][0x3][0x6][0xae]v[0xad]z[0xe][0xaa]\[0xec][0x80][0xc8]{[0xf1]#[0xcf][0xb6][0xed]^[0x9b]c[0xf6]t3[0xab][0xdf]m[0xfc]O[0xcc][0xac][0x1b][0xfe][0x8b][0xb1]py[0xc2]?J[0xe5]<U[0xe5][0xf0]?@[0xbf][0x9][0xf0][0x9e][0x12][0xb6][0xbe][0xcc][0xfe][0x9]]"[0xfb],^F[0xf0][0xf2][0xe0]n[0xbf][0x0][0x0][0x0][0xff][0xff][0x3][0x0][0xf4][0xe9]M[[0xbb][0x1][0x0][0x0][\r][\n]"
2019-01-22 15:11:44,381 DEBUG [main] headers:122 - http-outgoing-1 << HTTP/1.1 200 OK
2019-01-22 15:11:44,381 DEBUG [main] headers:125 - http-outgoing-1 << Date: Tue, 22 Jan 2019 09:41:44 GMT
2019-01-22 15:11:44,381 DEBUG [main] headers:125 - http-outgoing-1 << Content-Type: application/json; charset=utf-8
2019-01-22 15:11:44,381 DEBUG [main] headers:125 - http-outgoing-1 << Transfer-Encoding: chunked
2019-01-22 15:11:44,381 DEBUG [main] headers:125 - http-outgoing-1 << Connection: keep-alive
2019-01-22 15:11:44,381 DEBUG [main] headers:125 - http-outgoing-1 << Set-Cookie: __cfduid=dad06ec281753d78c383bd8540f8e3e641548150103; expires=Wed, 22-Jan-20 09:41:43 GMT; path=/; domain=.reqres.in; HttpOnly
2019-01-22 15:11:44,381 DEBUG [main] headers:125 - http-outgoing-1 << X-Powered-By: Express
2019-01-22 15:11:44,381 DEBUG [main] headers:125 - http-outgoing-1 << Access-Control-Allow-Origin: *
2019-01-22 15:11:44,381 DEBUG [main] headers:125 - http-outgoing-1 << ETag: W/"1bb-D+c3sZ5g5u/nmLPQRl1uVo2heAo"
2019-01-22 15:11:44,381 DEBUG [main] headers:125 - http-outgoing-1 << Expect-CT: max-age=604800, report-uri="https://report-uri.cloudflare.com/cdn-cgi/beacon/expect-ct"
2019-01-22 15:11:44,381 DEBUG [main] headers:125 - http-outgoing-1 << Server: cloudflare
2019-01-22 15:11:44,381 DEBUG [main] headers:125 - http-outgoing-1 << CF-RAY: 49d11105bffd703e-SIN
2019-01-22 15:11:44,381 DEBUG [main] headers:125 - http-outgoing-1 << Content-Encoding: gzip
2019-01-22 15:11:44,381 DEBUG [main] MainClientExec:285 - Connection can be kept alive indefinitely
2019-01-22 15:11:44,381 DEBUG [main] ResponseProcessCookies:119 - Cookie accepted [__cfduid="dad06ec281753d78c383bd8540f8e3e641548150103", version:0, domain:reqres.in, path:/, expiry:Wed Jan 22 15:11:43 IST 2020]
2019-01-22 15:11:45,052 DEBUG [main] BasicClientConnectionManager:161 - Get connection for route {s}->https://reqres.in:443
2019-01-22 15:11:45,056 DEBUG [main] DefaultClientConnectionOperator:177 - Connecting to reqres.in:443
2019-01-22 15:11:45,430 DEBUG [main] RequestAddCookies:123 - CookieSpec selected: ignoreCookies
2019-01-22 15:11:45,430 DEBUG [main] RequestAuthCache:77 - Auth cache not set in the context
2019-01-22 15:11:45,430 DEBUG [main] RequestTargetAuthentication:80 - Target auth state: UNCHALLENGED
2019-01-22 15:11:45,430 DEBUG [main] RequestProxyAuthentication:89 - Proxy auth state: UNCHALLENGED
2019-01-22 15:11:45,430 DEBUG [main] DefaultHttpClient:682 - Attempt 1 to execute request
2019-01-22 15:11:45,430 DEBUG [main] DefaultClientConnection:274 - Sending request: GET /api/users HTTP/1.1
2019-01-22 15:11:45,430 DEBUG [main] wire:73 -  >> "GET /api/users HTTP/1.1[\r][\n]"
2019-01-22 15:11:45,430 DEBUG [main] wire:73 -  >> "Accept: */*[\r][\n]"
2019-01-22 15:11:45,430 DEBUG [main] wire:73 -  >> "Content-Length: 0[\r][\n]"
2019-01-22 15:11:45,430 DEBUG [main] wire:73 -  >> "Host: reqres.in[\r][\n]"
2019-01-22 15:11:45,445 DEBUG [main] wire:73 -  >> "Connection: Keep-Alive[\r][\n]"
2019-01-22 15:11:45,445 DEBUG [main] wire:73 -  >> "User-Agent: Apache-HttpClient/4.5.6 (Java/1.8.0_191)[\r][\n]"
2019-01-22 15:11:45,445 DEBUG [main] wire:73 -  >> "Accept-Encoding: gzip,deflate[\r][\n]"
2019-01-22 15:11:45,445 DEBUG [main] wire:73 -  >> "[\r][\n]"
2019-01-22 15:11:45,445 DEBUG [main] headers:278 - >> GET /api/users HTTP/1.1
2019-01-22 15:11:45,445 DEBUG [main] headers:281 - >> Accept: */*
2019-01-22 15:11:45,445 DEBUG [main] headers:281 - >> Content-Length: 0
2019-01-22 15:11:45,445 DEBUG [main] headers:281 - >> Host: reqres.in
2019-01-22 15:11:45,445 DEBUG [main] headers:281 - >> Connection: Keep-Alive
2019-01-22 15:11:45,445 DEBUG [main] headers:281 - >> User-Agent: Apache-HttpClient/4.5.6 (Java/1.8.0_191)
2019-01-22 15:11:45,445 DEBUG [main] headers:281 - >> Accept-Encoding: gzip,deflate
2019-01-22 15:11:45,729 DEBUG [main] wire:73 -  << "HTTP/1.1 200 OK[\r][\n]"
2019-01-22 15:11:45,729 DEBUG [main] wire:73 -  << "Date: Tue, 22 Jan 2019 09:41:45 GMT[\r][\n]"
2019-01-22 15:11:45,729 DEBUG [main] wire:73 -  << "Content-Type: application/json; charset=utf-8[\r][\n]"
2019-01-22 15:11:45,729 DEBUG [main] wire:73 -  << "Transfer-Encoding: chunked[\r][\n]"
2019-01-22 15:11:45,729 DEBUG [main] wire:73 -  << "Connection: keep-alive[\r][\n]"
2019-01-22 15:11:45,729 DEBUG [main] wire:73 -  << "Set-Cookie: __cfduid=dcac94e5385c17a135d99a12dd27582cb1548150105; expires=Wed, 22-Jan-20 09:41:45 GMT; path=/; domain=.reqres.in; HttpOnly[\r][\n]"
2019-01-22 15:11:45,729 DEBUG [main] wire:73 -  << "X-Powered-By: Express[\r][\n]"
2019-01-22 15:11:45,729 DEBUG [main] wire:73 -  << "Access-Control-Allow-Origin: *[\r][\n]"
2019-01-22 15:11:45,729 DEBUG [main] wire:73 -  << "ETag: W/"1bb-D+c3sZ5g5u/nmLPQRl1uVo2heAo"[\r][\n]"
2019-01-22 15:11:45,729 DEBUG [main] wire:73 -  << "Expect-CT: max-age=604800, report-uri="https://report-uri.cloudflare.com/cdn-cgi/beacon/expect-ct"[\r][\n]"
2019-01-22 15:11:45,729 DEBUG [main] wire:73 -  << "Server: cloudflare[\r][\n]"
2019-01-22 15:11:45,745 DEBUG [main] wire:73 -  << "CF-RAY: 49d1110f792d7002-SIN[\r][\n]"
2019-01-22 15:11:45,745 DEBUG [main] wire:73 -  << "Content-Encoding: gzip[\r][\n]"
2019-01-22 15:11:45,745 DEBUG [main] wire:73 -  << "[\r][\n]"
2019-01-22 15:11:45,745 DEBUG [main] DefaultClientConnection:259 - Receiving response: HTTP/1.1 200 OK
2019-01-22 15:11:45,745 DEBUG [main] headers:262 - << HTTP/1.1 200 OK
2019-01-22 15:11:45,745 DEBUG [main] headers:265 - << Date: Tue, 22 Jan 2019 09:41:45 GMT
2019-01-22 15:11:45,745 DEBUG [main] headers:265 - << Content-Type: application/json; charset=utf-8
2019-01-22 15:11:45,745 DEBUG [main] headers:265 - << Transfer-Encoding: chunked
2019-01-22 15:11:45,745 DEBUG [main] headers:265 - << Connection: keep-alive
2019-01-22 15:11:45,745 DEBUG [main] headers:265 - << Set-Cookie: __cfduid=dcac94e5385c17a135d99a12dd27582cb1548150105; expires=Wed, 22-Jan-20 09:41:45 GMT; path=/; domain=.reqres.in; HttpOnly
2019-01-22 15:11:45,745 DEBUG [main] headers:265 - << X-Powered-By: Express
2019-01-22 15:11:45,745 DEBUG [main] headers:265 - << Access-Control-Allow-Origin: *
2019-01-22 15:11:45,745 DEBUG [main] headers:265 - << ETag: W/"1bb-D+c3sZ5g5u/nmLPQRl1uVo2heAo"
2019-01-22 15:11:45,745 DEBUG [main] headers:265 - << Expect-CT: max-age=604800, report-uri="https://report-uri.cloudflare.com/cdn-cgi/beacon/expect-ct"
2019-01-22 15:11:45,745 DEBUG [main] headers:265 - << Server: cloudflare
2019-01-22 15:11:45,745 DEBUG [main] headers:265 - << CF-RAY: 49d1110f792d7002-SIN
2019-01-22 15:11:45,745 DEBUG [main] headers:265 - << Content-Encoding: gzip
2019-01-22 15:11:45,745 DEBUG [main] DefaultHttpClient:509 - Connection can be kept alive indefinitely
2019-01-22 15:11:45,778 DEBUG [main] RequestSpecificationImpl$RestAssuredHttpBuilder:545 - Parsing response as: application/json; charset=utf-8
2019-01-22 15:11:45,778 DEBUG [main] wire:73 -  << "db[\r][\n]"
2019-01-22 15:11:45,779 DEBUG [main] wire:87 -  << "[0x1f]"
2019-01-22 15:11:45,779 DEBUG [main] wire:87 -  << "[0x8b]"
2019-01-22 15:11:45,779 DEBUG [main] wire:87 -  << "[0x8]"
2019-01-22 15:11:45,780 DEBUG [main] wire:87 -  << "[0x0]"
2019-01-22 15:11:45,780 DEBUG [main] wire:87 -  << "[0x0][0x0][0x0][0x0][0x0][0x3]"
2019-01-22 15:11:45,781 DEBUG [main] RequestSpecificationImpl$RestAssuredHttpBuilder:548 - Parsed data to instance of: class org.apache.http.conn.EofSensorInputStream
2019-01-22 15:11:45,816 DEBUG [main] wire:73 - http-outgoing-1 << "0[\r][\n]"
2019-01-22 15:11:45,816 DEBUG [main] wire:73 - http-outgoing-1 << "[\r][\n]"
2019-01-22 15:11:45,816 DEBUG [main] PoolingHttpClientConnectionManager:341 - Connection [id: 1][route: {s}->https://reqres.in:443] can be kept alive indefinitely
2019-01-22 15:11:45,816 DEBUG [main] DefaultManagedHttpClientConnection:88 - http-outgoing-1: set socket timeout to 0
2019-01-22 15:11:45,816 DEBUG [main] PoolingHttpClientConnectionManager:348 - Connection released: [id: 1][route: {s}->https://reqres.in:443][total kept alive: 1; route allocated: 1 of 2; total allocated: 1 of 20]
2019-01-22 15:11:45,967 DEBUG [main] RequestAddCookies:123 - CookieSpec selected: default
2019-01-22 15:11:45,967 DEBUG [main] RequestAuthCache:77 - Auth cache not set in the context
2019-01-22 15:11:45,967 DEBUG [main] PoolingHttpClientConnectionManager:265 - Connection request: [route: {s}->https://reqres.in:443][total kept alive: 0; route allocated: 0 of 2; total allocated: 0 of 20]
2019-01-22 15:11:45,967 DEBUG [main] PoolingHttpClientConnectionManager:309 - Connection leased: [id: 2][route: {s}->https://reqres.in:443][total kept alive: 0; route allocated: 1 of 2; total allocated: 1 of 20]
2019-01-22 15:11:45,967 DEBUG [main] MainClientExec:235 - Opening connection {s}->https://reqres.in:443
2019-01-22 15:11:45,967 DEBUG [main] DefaultHttpClientConnectionOperator:139 - Connecting to reqres.in/104.27.134.11:443
2019-01-22 15:11:45,967 DEBUG [main] SSLConnectionSocketFactory:337 - Connecting socket to reqres.in/104.27.134.11:443 with timeout 0
2019-01-22 15:11:46,036 DEBUG [main] SSLConnectionSocketFactory:390 - Enabled protocols: [TLSv1, TLSv1.1, TLSv1.2]
2019-01-22 15:11:46,036 DEBUG [main] SSLConnectionSocketFactory:391 - Enabled cipher suites:[TLS_ECDHE_ECDSA_WITH_AES_256_CBC_SHA384, TLS_ECDHE_RSA_WITH_AES_256_CBC_SHA384, TLS_RSA_WITH_AES_256_CBC_SHA256, TLS_ECDH_ECDSA_WITH_AES_256_CBC_SHA384, TLS_ECDH_RSA_WITH_AES_256_CBC_SHA384, TLS_DHE_RSA_WITH_AES_256_CBC_SHA256, TLS_DHE_DSS_WITH_AES_256_CBC_SHA256, TLS_ECDHE_ECDSA_WITH_AES_256_CBC_SHA, TLS_ECDHE_RSA_WITH_AES_256_CBC_SHA, TLS_RSA_WITH_AES_256_CBC_SHA, TLS_ECDH_ECDSA_WITH_AES_256_CBC_SHA, TLS_ECDH_RSA_WITH_AES_256_CBC_SHA, TLS_DHE_RSA_WITH_AES_256_CBC_SHA, TLS_DHE_DSS_WITH_AES_256_CBC_SHA, TLS_ECDHE_ECDSA_WITH_AES_128_CBC_SHA256, TLS_ECDHE_RSA_WITH_AES_128_CBC_SHA256, TLS_RSA_WITH_AES_128_CBC_SHA256, TLS_ECDH_ECDSA_WITH_AES_128_CBC_SHA256, TLS_ECDH_RSA_WITH_AES_128_CBC_SHA256, TLS_DHE_RSA_WITH_AES_128_CBC_SHA256, TLS_DHE_DSS_WITH_AES_128_CBC_SHA256, TLS_ECDHE_ECDSA_WITH_AES_128_CBC_SHA, TLS_ECDHE_RSA_WITH_AES_128_CBC_SHA, TLS_RSA_WITH_AES_128_CBC_SHA, TLS_ECDH_ECDSA_WITH_AES_128_CBC_SHA, TLS_ECDH_RSA_WITH_AES_128_CBC_SHA, TLS_DHE_RSA_WITH_AES_128_CBC_SHA, TLS_DHE_DSS_WITH_AES_128_CBC_SHA, TLS_ECDHE_ECDSA_WITH_AES_256_GCM_SHA384, TLS_ECDHE_ECDSA_WITH_AES_128_GCM_SHA256, TLS_ECDHE_RSA_WITH_AES_256_GCM_SHA384, TLS_RSA_WITH_AES_256_GCM_SHA384, TLS_ECDH_ECDSA_WITH_AES_256_GCM_SHA384, TLS_ECDH_RSA_WITH_AES_256_GCM_SHA384, TLS_DHE_RSA_WITH_AES_256_GCM_SHA384, TLS_DHE_DSS_WITH_AES_256_GCM_SHA384, TLS_ECDHE_RSA_WITH_AES_128_GCM_SHA256, TLS_RSA_WITH_AES_128_GCM_SHA256, TLS_ECDH_ECDSA_WITH_AES_128_GCM_SHA256, TLS_ECDH_RSA_WITH_AES_128_GCM_SHA256, TLS_DHE_RSA_WITH_AES_128_GCM_SHA256, TLS_DHE_DSS_WITH_AES_128_GCM_SHA256, TLS_EMPTY_RENEGOTIATION_INFO_SCSV]
2019-01-22 15:11:46,036 DEBUG [main] SSLConnectionSocketFactory:395 - Starting handshake
2019-01-22 15:11:46,197 DEBUG [main] SSLConnectionSocketFactory:425 - Secure session established
2019-01-22 15:11:46,198 DEBUG [main] SSLConnectionSocketFactory:426 -  negotiated protocol: TLSv1.2
2019-01-22 15:11:46,198 DEBUG [main] SSLConnectionSocketFactory:427 -  negotiated cipher suite: TLS_ECDHE_ECDSA_WITH_AES_128_GCM_SHA256
2019-01-22 15:11:46,198 DEBUG [main] SSLConnectionSocketFactory:435 -  peer principal: CN=sni96286.cloudflaressl.com, OU=PositiveSSL Multi-Domain, OU=Domain Control Validated
2019-01-22 15:11:46,198 DEBUG [main] SSLConnectionSocketFactory:444 -  peer alternative names: [sni96286.cloudflaressl.com, *.6musicnvideos.gq, *.alypa.cl, *.arredamentobar.altervista.org, *.balloornssq.tk, *.candfortcogci.ml, *.cetiontop.tk, *.childrenfuture.cf, *.dhcmx.com, *.dogtklonfercver.cf, *.dpdfpocong.gq, *.getthedjobsq.ga, *.gogwamiri.ga, *.hurtworld-servers.ru, *.hwbutin.com, *.instintobasico.com.br, *.jedzto.ga, *.kados.pro, *.kemiyyru.cf, *.koreadrumq.cf, *.murdochfamily.id.au, *.precisioncleaninghawaii.com, *.ranalemdi.cf, *.reqres.in, *.rescatevalencia.org, *.rorimaq.com.br, *.sabeonde.com.br, *.satishweb.cf, *.siemon.id.au, *.tetete.ru, *.thrivenowseminars.com, *.tiotrominti.ga, *.tivpihelpsq.cf, *.tonysnails.com, *.trochbannomer.cf, *.vapethevideo.ml, *.visiondefender.co.uk, *.ymyhyjydexy.tk, *.ytheredfilm.gq, 6musicnvideos.gq, alypa.cl, arredamentobar.altervista.org, balloornssq.tk, candfortcogci.ml, cetiontop.tk, childrenfuture.cf, dhcmx.com, dogtklonfercver.cf, dpdfpocong.gq, getthedjobsq.ga, gogwamiri.ga, hurtworld-servers.ru, hwbutin.com, instintobasico.com.br, jedzto.ga, kados.pro, kemiyyru.cf, koreadrumq.cf, murdochfamily.id.au, precisioncleaninghawaii.com, ranalemdi.cf, reqres.in, rescatevalencia.org, rorimaq.com.br, sabeonde.com.br, satishweb.cf, siemon.id.au, tetete.ru, thrivenowseminars.com, tiotrominti.ga, tivpihelpsq.cf, tonysnails.com, trochbannomer.cf, vapethevideo.ml, visiondefender.co.uk, ymyhyjydexy.tk, ytheredfilm.gq]
2019-01-22 15:11:46,198 DEBUG [main] SSLConnectionSocketFactory:448 -  issuer principal: CN=COMODO ECC Domain Validation Secure Server CA 2, O=COMODO CA Limited, L=Salford, ST=Greater Manchester, C=GB
2019-01-22 15:11:46,199 DEBUG [main] DefaultHttpClientConnectionOperator:146 - Connection established 10.131.60.42:51068<->104.27.134.11:443
2019-01-22 15:11:46,199 DEBUG [main] MainClientExec:256 - Executing request POST /api/users HTTP/1.1
2019-01-22 15:11:46,199 DEBUG [main] MainClientExec:261 - Target auth state: UNCHALLENGED
2019-01-22 15:11:46,199 DEBUG [main] MainClientExec:267 - Proxy auth state: UNCHALLENGED
2019-01-22 15:11:46,199 DEBUG [main] headers:133 - http-outgoing-2 >> POST /api/users HTTP/1.1
2019-01-22 15:11:46,199 DEBUG [main] headers:136 - http-outgoing-2 >> Content-Type: application/json
2019-01-22 15:11:46,199 DEBUG [main] headers:136 - http-outgoing-2 >> Content-Length: 61
2019-01-22 15:11:46,199 DEBUG [main] headers:136 - http-outgoing-2 >> Host: reqres.in
2019-01-22 15:11:46,200 DEBUG [main] headers:136 - http-outgoing-2 >> Connection: Keep-Alive
2019-01-22 15:11:46,200 DEBUG [main] headers:136 - http-outgoing-2 >> User-Agent: Apache-HttpClient/4.5.6 (Java/1.8.0_191)
2019-01-22 15:11:46,200 DEBUG [main] headers:136 - http-outgoing-2 >> Accept-Encoding: gzip,deflate
2019-01-22 15:11:46,200 DEBUG [main] wire:73 - http-outgoing-2 >> "POST /api/users HTTP/1.1[\r][\n]"
2019-01-22 15:11:46,200 DEBUG [main] wire:73 - http-outgoing-2 >> "Content-Type: application/json[\r][\n]"
2019-01-22 15:11:46,200 DEBUG [main] wire:73 - http-outgoing-2 >> "Content-Length: 61[\r][\n]"
2019-01-22 15:11:46,200 DEBUG [main] wire:73 - http-outgoing-2 >> "Host: reqres.in[\r][\n]"
2019-01-22 15:11:46,200 DEBUG [main] wire:73 - http-outgoing-2 >> "Connection: Keep-Alive[\r][\n]"
2019-01-22 15:11:46,201 DEBUG [main] wire:73 - http-outgoing-2 >> "User-Agent: Apache-HttpClient/4.5.6 (Java/1.8.0_191)[\r][\n]"
2019-01-22 15:11:46,201 DEBUG [main] wire:73 - http-outgoing-2 >> "Accept-Encoding: gzip,deflate[\r][\n]"
2019-01-22 15:11:46,201 DEBUG [main] wire:73 - http-outgoing-2 >> "[\r][\n]"
2019-01-22 15:11:46,201 DEBUG [main] wire:87 - http-outgoing-2 >> "{"name":"morpheus","job":"leader","id":null,"createdAt":null}"
2019-01-22 15:11:46,611 DEBUG [main] wire:73 - http-outgoing-2 << "HTTP/1.1 201 Created[\r][\n]"
2019-01-22 15:11:46,612 DEBUG [main] wire:73 - http-outgoing-2 << "Date: Tue, 22 Jan 2019 09:41:46 GMT[\r][\n]"
2019-01-22 15:11:46,613 DEBUG [main] wire:73 - http-outgoing-2 << "Content-Type: application/json; charset=utf-8[\r][\n]"
2019-01-22 15:11:46,613 DEBUG [main] wire:73 - http-outgoing-2 << "Content-Length: 84[\r][\n]"
2019-01-22 15:11:46,613 DEBUG [main] wire:73 - http-outgoing-2 << "Connection: keep-alive[\r][\n]"
2019-01-22 15:11:46,613 DEBUG [main] wire:73 - http-outgoing-2 << "Set-Cookie: __cfduid=d785b2c4092fb29fd4ae3fd0c3bc5814d1548150106; expires=Wed, 22-Jan-20 09:41:46 GMT; path=/; domain=.reqres.in; HttpOnly[\r][\n]"
2019-01-22 15:11:46,613 DEBUG [main] wire:73 - http-outgoing-2 << "X-Powered-By: Express[\r][\n]"
2019-01-22 15:11:46,613 DEBUG [main] wire:73 - http-outgoing-2 << "Access-Control-Allow-Origin: *[\r][\n]"
2019-01-22 15:11:46,613 DEBUG [main] wire:73 - http-outgoing-2 << "ETag: W/"54-YwgaX+TfCLZ/yyDLn+jBpWqA8Do"[\r][\n]"
2019-01-22 15:11:46,613 DEBUG [main] wire:73 - http-outgoing-2 << "Expect-CT: max-age=604800, report-uri="https://report-uri.cloudflare.com/cdn-cgi/beacon/expect-ct"[\r][\n]"
2019-01-22 15:11:46,613 DEBUG [main] wire:73 - http-outgoing-2 << "Server: cloudflare[\r][\n]"
2019-01-22 15:11:46,613 DEBUG [main] wire:73 - http-outgoing-2 << "CF-RAY: 49d11113ec2f7002-SIN[\r][\n]"
2019-01-22 15:11:46,613 DEBUG [main] wire:73 - http-outgoing-2 << "[\r][\n]"
2019-01-22 15:11:46,613 DEBUG [main] wire:87 - http-outgoing-2 << "{"name":"morpheus","job":"leader","id":"800","createdAt":"2019-01-22T09:45:36.296Z"}"
2019-01-22 15:11:46,613 DEBUG [main] headers:122 - http-outgoing-2 << HTTP/1.1 201 Created
2019-01-22 15:11:46,613 DEBUG [main] headers:125 - http-outgoing-2 << Date: Tue, 22 Jan 2019 09:41:46 GMT
2019-01-22 15:11:46,613 DEBUG [main] headers:125 - http-outgoing-2 << Content-Type: application/json; charset=utf-8
2019-01-22 15:11:46,613 DEBUG [main] headers:125 - http-outgoing-2 << Content-Length: 84
2019-01-22 15:11:46,613 DEBUG [main] headers:125 - http-outgoing-2 << Connection: keep-alive
2019-01-22 15:11:46,613 DEBUG [main] headers:125 - http-outgoing-2 << Set-Cookie: __cfduid=d785b2c4092fb29fd4ae3fd0c3bc5814d1548150106; expires=Wed, 22-Jan-20 09:41:46 GMT; path=/; domain=.reqres.in; HttpOnly
2019-01-22 15:11:46,613 DEBUG [main] headers:125 - http-outgoing-2 << X-Powered-By: Express
2019-01-22 15:11:46,613 DEBUG [main] headers:125 - http-outgoing-2 << Access-Control-Allow-Origin: *
2019-01-22 15:11:46,613 DEBUG [main] headers:125 - http-outgoing-2 << ETag: W/"54-YwgaX+TfCLZ/yyDLn+jBpWqA8Do"
2019-01-22 15:11:46,613 DEBUG [main] headers:125 - http-outgoing-2 << Expect-CT: max-age=604800, report-uri="https://report-uri.cloudflare.com/cdn-cgi/beacon/expect-ct"
2019-01-22 15:11:46,613 DEBUG [main] headers:125 - http-outgoing-2 << Server: cloudflare
2019-01-22 15:11:46,613 DEBUG [main] headers:125 - http-outgoing-2 << CF-RAY: 49d11113ec2f7002-SIN
2019-01-22 15:11:46,613 DEBUG [main] MainClientExec:285 - Connection can be kept alive indefinitely
2019-01-22 15:11:46,613 DEBUG [main] ResponseProcessCookies:119 - Cookie accepted [__cfduid="d785b2c4092fb29fd4ae3fd0c3bc5814d1548150106", version:0, domain:reqres.in, path:/, expiry:Wed Jan 22 15:11:46 IST 2020]
2019-01-22 15:11:46,629 DEBUG [main] PoolingHttpClientConnectionManager:341 - Connection [id: 2][route: {s}->https://reqres.in:443] can be kept alive indefinitely
2019-01-22 15:11:46,629 DEBUG [main] DefaultManagedHttpClientConnection:88 - http-outgoing-2: set socket timeout to 0
2019-01-22 15:11:46,629 DEBUG [main] PoolingHttpClientConnectionManager:348 - Connection released: [id: 2][route: {s}->https://reqres.in:443][total kept alive: 1; route allocated: 1 of 2; total allocated: 1 of 20]
>>>>>>> dddbb83425ef92b691ea0736b690643deee66a04
